<?xml version="1.0" encoding="UTF-8"?>
<testng-results ignored="0" total="26" passed="21" failed="5" skipped="0">
  <reporter-output>
  </reporter-output>
  <suite started-at="2023-03-20T11:52:10 IST" name="BritishPetCare" finished-at="2023-03-20T11:55:38 IST" duration-ms="208004">
    <groups>
    </groups>
    <test started-at="2023-03-20T11:52:10 IST" name="Sanity" finished-at="2023-03-20T11:55:38 IST" duration-ms="208004">
      <class name="testCases.Tc001_Login_Verify">
        <test-method is-config="true" signature="setUp()[pri:0, instance:testCases.Tc001_Login_Verify@dd8ba08]" started-at="2023-03-20T11:52:10 IST" name="setUp" finished-at="2023-03-20T11:52:34 IST" duration-ms="23269" status="PASS">
          <reporter-output>
          </reporter-output>
        </test-method> <!-- setUp -->
        <test-method signature="verifyLogin()[pri:0, instance:testCases.Tc001_Login_Verify@dd8ba08]" started-at="2023-03-20T11:52:34 IST" name="verifyLogin" finished-at="2023-03-20T11:52:50 IST" duration-ms="16432" status="PASS">
          <reporter-output>
          </reporter-output>
        </test-method> <!-- verifyLogin -->
        <test-method signature="verifyRole()[pri:1, instance:testCases.Tc001_Login_Verify@dd8ba08]" started-at="2023-03-20T11:52:50 IST" name="verifyRole" finished-at="2023-03-20T11:52:50 IST" duration-ms="19" status="PASS">
          <reporter-output>
          </reporter-output>
        </test-method> <!-- verifyRole -->
        <test-method signature="verifyItemsOnDashboard()[pri:3, instance:testCases.Tc001_Login_Verify@dd8ba08]" started-at="2023-03-20T11:52:50 IST" name="verifyItemsOnDashboard" finished-at="2023-03-20T11:52:50 IST" duration-ms="112" status="FAIL">
          <exception class="java.lang.AssertionError">
            <message>
              <![CDATA[null]]>
            </message>
            <full-stacktrace>
              <![CDATA[java.lang.AssertionError: null
at org.testng.Assert.fail(Assert.java:110)
at org.testng.Assert.fail(Assert.java:115)
at testCases.Tc001_Login_Verify.verifyItemsOnDashboard(Tc001_Login_Verify.java:77)
at java.base/jdk.internal.reflect.NativeMethodAccessorImpl.invoke0(Native Method)
at java.base/jdk.internal.reflect.NativeMethodAccessorImpl.invoke(NativeMethodAccessorImpl.java:77)
at java.base/jdk.internal.reflect.DelegatingMethodAccessorImpl.invoke(DelegatingMethodAccessorImpl.java:43)
at java.base/java.lang.reflect.Method.invoke(Method.java:568)
at org.testng.internal.invokers.MethodInvocationHelper.invokeMethod(MethodInvocationHelper.java:139)
at org.testng.internal.invokers.TestInvoker.invokeMethod(TestInvoker.java:677)
at org.testng.internal.invokers.TestInvoker.invokeTestMethod(TestInvoker.java:221)
at org.testng.internal.invokers.MethodRunner.runInSequence(MethodRunner.java:50)
at org.testng.internal.invokers.TestInvoker$MethodInvocationAgent.invoke(TestInvoker.java:969)
at org.testng.internal.invokers.TestInvoker.invokeTestMethods(TestInvoker.java:194)
at org.testng.internal.invokers.TestMethodWorker.invokeTestMethods(TestMethodWorker.java:148)
at org.testng.internal.invokers.TestMethodWorker.run(TestMethodWorker.java:128)
at java.base/java.util.ArrayList.forEach(ArrayList.java:1511)
at org.testng.TestRunner.privateRun(TestRunner.java:829)
at org.testng.TestRunner.run(TestRunner.java:602)
at org.testng.SuiteRunner.runTest(SuiteRunner.java:437)
at org.testng.SuiteRunner.runSequentially(SuiteRunner.java:431)
at org.testng.SuiteRunner.privateRun(SuiteRunner.java:391)
at org.testng.SuiteRunner.run(SuiteRunner.java:330)
at org.testng.SuiteRunnerWorker.runSuite(SuiteRunnerWorker.java:52)
at org.testng.SuiteRunnerWorker.run(SuiteRunnerWorker.java:95)
at org.testng.TestNG.runSuitesSequentially(TestNG.java:1256)
at org.testng.TestNG.runSuitesLocally(TestNG.java:1176)
at org.testng.TestNG.runSuites(TestNG.java:1099)
at org.testng.TestNG.run(TestNG.java:1067)
at org.apache.maven.surefire.testng.TestNGExecutor.run(TestNGExecutor.java:308)
at org.apache.maven.surefire.testng.TestNGXmlTestSuite.execute(TestNGXmlTestSuite.java:71)
at org.apache.maven.surefire.testng.TestNGProvider.invoke(TestNGProvider.java:113)
at org.apache.maven.surefire.booter.ForkedBooter.runSuitesInProcess(ForkedBooter.java:385)
at org.apache.maven.surefire.booter.ForkedBooter.execute(ForkedBooter.java:162)
at org.apache.maven.surefire.booter.ForkedBooter.run(ForkedBooter.java:507)
at org.apache.maven.surefire.booter.ForkedBooter.main(ForkedBooter.java:495)
]]>
            </full-stacktrace>
          </exception> <!-- java.lang.AssertionError -->
          <reporter-output>
          </reporter-output>
        </test-method> <!-- verifyItemsOnDashboard -->
        <test-method signature="verifyGraphMessages()[pri:4, instance:testCases.Tc001_Login_Verify@dd8ba08]" started-at="2023-03-20T11:52:50 IST" name="verifyGraphMessages" finished-at="2023-03-20T11:52:50 IST" duration-ms="112" status="PASS">
          <reporter-output>
          </reporter-output>
        </test-method> <!-- verifyGraphMessages -->
        <test-method signature="verifyClientManagePage()[pri:5, instance:testCases.Tc001_Login_Verify@dd8ba08]" started-at="2023-03-20T11:52:50 IST" name="verifyClientManagePage" finished-at="2023-03-20T11:52:54 IST" duration-ms="3397" status="PASS">
          <reporter-output>
          </reporter-output>
        </test-method> <!-- verifyClientManagePage -->
        <test-method signature="verifyQuoteManagePage()[pri:6, instance:testCases.Tc001_Login_Verify@dd8ba08]" started-at="2023-03-20T11:52:54 IST" name="verifyQuoteManagePage" finished-at="2023-03-20T11:53:00 IST" duration-ms="6600" status="PASS">
          <reporter-output>
          </reporter-output>
        </test-method> <!-- verifyQuoteManagePage -->
        <test-method signature="verifyDateFormatOnQuotePage()[pri:7, instance:testCases.Tc001_Login_Verify@dd8ba08]" started-at="2023-03-20T11:53:00 IST" name="verifyDateFormatOnQuotePage" finished-at="2023-03-20T11:53:02 IST" duration-ms="1250" status="PASS">
          <reporter-output>
          </reporter-output>
        </test-method> <!-- verifyDateFormatOnQuotePage -->
        <test-method signature="verifyAddQuotePageLaunch()[pri:8, instance:testCases.Tc001_Login_Verify@dd8ba08]" started-at="2023-03-20T11:53:02 IST" name="verifyAddQuotePageLaunch" finished-at="2023-03-20T11:53:06 IST" duration-ms="4941" status="PASS">
          <reporter-output>
          </reporter-output>
        </test-method> <!-- verifyAddQuotePageLaunch -->
        <test-method signature="verifyProductListOnAddQuotePage()[pri:8, instance:testCases.Tc001_Login_Verify@dd8ba08]" started-at="2023-03-20T11:53:06 IST" name="verifyProductListOnAddQuotePage" finished-at="2023-03-20T11:53:13 IST" duration-ms="6250" status="PASS">
          <reporter-output>
          </reporter-output>
        </test-method> <!-- verifyProductListOnAddQuotePage -->
        <test-method signature="verifyPolicyPage()[pri:9, instance:testCases.Tc001_Login_Verify@dd8ba08]" started-at="2023-03-20T11:53:13 IST" name="verifyPolicyPage" finished-at="2023-03-20T11:53:21 IST" duration-ms="8286" status="PASS">
          <reporter-output>
          </reporter-output>
        </test-method> <!-- verifyPolicyPage -->
        <test-method signature="verifyPolicyPageDateFormat()[pri:10, instance:testCases.Tc001_Login_Verify@dd8ba08]" started-at="2023-03-20T11:53:21 IST" name="verifyPolicyPageDateFormat" finished-at="2023-03-20T11:53:26 IST" duration-ms="5270" status="PASS">
          <reporter-output>
          </reporter-output>
        </test-method> <!-- verifyPolicyPageDateFormat -->
        <test-method signature="verifyPolicyInformationPageLaunch()[pri:11, instance:testCases.Tc001_Login_Verify@dd8ba08]" started-at="2023-03-20T11:53:26 IST" name="verifyPolicyInformationPageLaunch" finished-at="2023-03-20T11:53:40 IST" duration-ms="14138" status="FAIL">
          <exception class="org.openqa.selenium.ElementClickInterceptedException">
            <message>
              <![CDATA[element click intercepted: Element <td class="" role="gridcell">...</td> is not clickable at point (191, 688). Other element would receive the click: <div id="gridName" name="gridName" data-role="grid" class="k-grid k-widget k-display-block">...</div>
  (Session info: MicrosoftEdge=111.0.1661.44)
Build info: version: '4.8.0', revision: '267030adea'
System info: os.name: 'Windows 11', os.arch: 'amd64', os.version: '10.0', java.version: '17.0.6'
Driver info: org.openqa.selenium.edge.EdgeDriver
Command: [75e0fb183f80fcd8f8c711574450cc48, clickElement {id=392a2b31-d9fe-4d89-95d2-f3d07838fb5c}]
Capabilities {acceptInsecureCerts: false, browserName: msedge, browserVersion: 111.0.1661.44, ms:edgeOptions: {debuggerAddress: localhost:58585}, msedge: {msedgedriverVersion: 111.0.1661.44 (fc2a57ec5a41..., userDataDir: C:\Users\prowe\AppData\Loca...}, networkConnectionEnabled: false, pageLoadStrategy: normal, platformName: WINDOWS, proxy: Proxy(), se:cdp: ws://localhost:58585/devtoo..., se:cdpVersion: 111.0.1661.44, setWindowRect: true, strictFileInteractability: false, timeouts: {implicit: 0, pageLoad: 300000, script: 30000}, unhandledPromptBehavior: dismiss and notify, webauthn:extension:credBlob: true, webauthn:extension:largeBlob: true, webauthn:extension:minPinLength: true, webauthn:extension:prf: true, webauthn:virtualAuthenticators: true}
Element: [[EdgeDriver: msedge on WINDOWS (75e0fb183f80fcd8f8c711574450cc48)] -> xpath: //div[@id='gridName']/table/tbody[1]/tr/td[3]]
Session ID: 75e0fb183f80fcd8f8c711574450cc48]]>
            </message>
            <full-stacktrace>
              <![CDATA[org.openqa.selenium.ElementClickInterceptedException: element click intercepted: Element <td class="" role="gridcell">...</td> is not clickable at point (191, 688). Other element would receive the click: <div id="gridName" name="gridName" data-role="grid" class="k-grid k-widget k-display-block">...</div>
  (Session info: MicrosoftEdge=111.0.1661.44)
Build info: version: '4.8.0', revision: '267030adea'
System info: os.name: 'Windows 11', os.arch: 'amd64', os.version: '10.0', java.version: '17.0.6'
Driver info: org.openqa.selenium.edge.EdgeDriver
Command: [75e0fb183f80fcd8f8c711574450cc48, clickElement {id=392a2b31-d9fe-4d89-95d2-f3d07838fb5c}]
Capabilities {acceptInsecureCerts: false, browserName: msedge, browserVersion: 111.0.1661.44, ms:edgeOptions: {debuggerAddress: localhost:58585}, msedge: {msedgedriverVersion: 111.0.1661.44 (fc2a57ec5a41..., userDataDir: C:\Users\prowe\AppData\Loca...}, networkConnectionEnabled: false, pageLoadStrategy: normal, platformName: WINDOWS, proxy: Proxy(), se:cdp: ws://localhost:58585/devtoo..., se:cdpVersion: 111.0.1661.44, setWindowRect: true, strictFileInteractability: false, timeouts: {implicit: 0, pageLoad: 300000, script: 30000}, unhandledPromptBehavior: dismiss and notify, webauthn:extension:credBlob: true, webauthn:extension:largeBlob: true, webauthn:extension:minPinLength: true, webauthn:extension:prf: true, webauthn:virtualAuthenticators: true}
Element: [[EdgeDriver: msedge on WINDOWS (75e0fb183f80fcd8f8c711574450cc48)] -> xpath: //div[@id='gridName']/table/tbody[1]/tr/td[3]]
Session ID: 75e0fb183f80fcd8f8c711574450cc48
at java.base/jdk.internal.reflect.NativeConstructorAccessorImpl.newInstance0(Native Method)
at java.base/jdk.internal.reflect.NativeConstructorAccessorImpl.newInstance(NativeConstructorAccessorImpl.java:77)
at java.base/jdk.internal.reflect.DelegatingConstructorAccessorImpl.newInstance(DelegatingConstructorAccessorImpl.java:45)
at java.base/java.lang.reflect.Constructor.newInstanceWithCaller(Constructor.java:499)
at java.base/java.lang.reflect.Constructor.newInstance(Constructor.java:480)
at org.openqa.selenium.remote.codec.w3c.W3CHttpResponseCodec.createException(W3CHttpResponseCodec.java:200)
at org.openqa.selenium.remote.codec.w3c.W3CHttpResponseCodec.decode(W3CHttpResponseCodec.java:133)
at org.openqa.selenium.remote.codec.w3c.W3CHttpResponseCodec.decode(W3CHttpResponseCodec.java:53)
at org.openqa.selenium.remote.HttpCommandExecutor.execute(HttpCommandExecutor.java:184)
at org.openqa.selenium.remote.service.DriverCommandExecutor.invokeExecute(DriverCommandExecutor.java:167)
at org.openqa.selenium.remote.service.DriverCommandExecutor.execute(DriverCommandExecutor.java:142)
at org.openqa.selenium.remote.RemoteWebDriver.execute(RemoteWebDriver.java:543)
at org.openqa.selenium.remote.RemoteWebElement.execute(RemoteWebElement.java:257)
at org.openqa.selenium.remote.RemoteWebElement.click(RemoteWebElement.java:78)
at pageObjects.PolicyInformationPage.fetchData(PolicyInformationPage.java:55)
at testCases.Tc001_Login_Verify.verifyPolicyInformationPageLaunch(Tc001_Login_Verify.java:213)
at java.base/jdk.internal.reflect.NativeMethodAccessorImpl.invoke0(Native Method)
at java.base/jdk.internal.reflect.NativeMethodAccessorImpl.invoke(NativeMethodAccessorImpl.java:77)
at java.base/jdk.internal.reflect.DelegatingMethodAccessorImpl.invoke(DelegatingMethodAccessorImpl.java:43)
at java.base/java.lang.reflect.Method.invoke(Method.java:568)
at org.testng.internal.invokers.MethodInvocationHelper.invokeMethod(MethodInvocationHelper.java:139)
at org.testng.internal.invokers.TestInvoker.invokeMethod(TestInvoker.java:677)
at org.testng.internal.invokers.TestInvoker.invokeTestMethod(TestInvoker.java:221)
at org.testng.internal.invokers.MethodRunner.runInSequence(MethodRunner.java:50)
at org.testng.internal.invokers.TestInvoker$MethodInvocationAgent.invoke(TestInvoker.java:969)
at org.testng.internal.invokers.TestInvoker.invokeTestMethods(TestInvoker.java:194)
at org.testng.internal.invokers.TestMethodWorker.invokeTestMethods(TestMethodWorker.java:148)
at org.testng.internal.invokers.TestMethodWorker.run(TestMethodWorker.java:128)
at java.base/java.util.ArrayList.forEach(ArrayList.java:1511)
at org.testng.TestRunner.privateRun(TestRunner.java:829)
at org.testng.TestRunner.run(TestRunner.java:602)
at org.testng.SuiteRunner.runTest(SuiteRunner.java:437)
at org.testng.SuiteRunner.runSequentially(SuiteRunner.java:431)
at org.testng.SuiteRunner.privateRun(SuiteRunner.java:391)
at org.testng.SuiteRunner.run(SuiteRunner.java:330)
at org.testng.SuiteRunnerWorker.runSuite(SuiteRunnerWorker.java:52)
at org.testng.SuiteRunnerWorker.run(SuiteRunnerWorker.java:95)
at org.testng.TestNG.runSuitesSequentially(TestNG.java:1256)
at org.testng.TestNG.runSuitesLocally(TestNG.java:1176)
at org.testng.TestNG.runSuites(TestNG.java:1099)
at org.testng.TestNG.run(TestNG.java:1067)
at org.apache.maven.surefire.testng.TestNGExecutor.run(TestNGExecutor.java:308)
at org.apache.maven.surefire.testng.TestNGXmlTestSuite.execute(TestNGXmlTestSuite.java:71)
at org.apache.maven.surefire.testng.TestNGProvider.invoke(TestNGProvider.java:113)
at org.apache.maven.surefire.booter.ForkedBooter.runSuitesInProcess(ForkedBooter.java:385)
at org.apache.maven.surefire.booter.ForkedBooter.execute(ForkedBooter.java:162)
at org.apache.maven.surefire.booter.ForkedBooter.run(ForkedBooter.java:507)
at org.apache.maven.surefire.booter.ForkedBooter.main(ForkedBooter.java:495)
]]>
            </full-stacktrace>
          </exception> <!-- org.openqa.selenium.ElementClickInterceptedException -->
          <reporter-output>
          </reporter-output>
        </test-method> <!-- verifyPolicyInformationPageLaunch -->
        <test-method signature="verifyPolicySamplePageDownLoad()[pri:12, instance:testCases.Tc001_Login_Verify@dd8ba08]" started-at="2023-03-20T11:53:40 IST" name="verifyPolicySamplePageDownLoad" finished-at="2023-03-20T11:54:02 IST" duration-ms="21983" status="PASS">
          <reporter-output>
          </reporter-output>
        </test-method> <!-- verifyPolicySamplePageDownLoad -->
        <test-method signature="verifyManageClaimDateAndPondSymbol()[pri:13, instance:testCases.Tc001_Login_Verify@dd8ba08]" started-at="2023-03-20T11:54:02 IST" name="verifyManageClaimDateAndPondSymbol" finished-at="2023-03-20T11:54:14 IST" duration-ms="11471" status="PASS">
          <reporter-output>
          </reporter-output>
        </test-method> <!-- verifyManageClaimDateAndPondSymbol -->
        <test-method signature="verifyClaimPageInformation()[pri:14, instance:testCases.Tc001_Login_Verify@dd8ba08]" started-at="2023-03-20T11:54:14 IST" name="verifyClaimPageInformation" finished-at="2023-03-20T11:54:34 IST" duration-ms="20217" status="PASS">
          <reporter-output>
          </reporter-output>
        </test-method> <!-- verifyClaimPageInformation -->
        <test-method signature="verifyApprovalClaimDashBoardDetails()[pri:15, instance:testCases.Tc001_Login_Verify@dd8ba08]" started-at="2023-03-20T11:54:34 IST" name="verifyApprovalClaimDashBoardDetails" finished-at="2023-03-20T11:54:39 IST" duration-ms="5137" status="PASS">
          <reporter-output>
          </reporter-output>
        </test-method> <!-- verifyApprovalClaimDashBoardDetails -->
        <test-method signature="verifyManageTaskDashBoard()[pri:16, instance:testCases.Tc001_Login_Verify@dd8ba08]" started-at="2023-03-20T11:54:39 IST" name="verifyManageTaskDashBoard" finished-at="2023-03-20T11:54:42 IST" duration-ms="2925" status="PASS">
          <reporter-output>
          </reporter-output>
        </test-method> <!-- verifyManageTaskDashBoard -->
        <test-method signature="verifyAddTaskPageDetails()[pri:17, instance:testCases.Tc001_Login_Verify@dd8ba08]" started-at="2023-03-20T11:54:42 IST" name="verifyAddTaskPageDetails" finished-at="2023-03-20T11:54:51 IST" duration-ms="8553" status="PASS">
          <reporter-output>
          </reporter-output>
        </test-method> <!-- verifyAddTaskPageDetails -->
        <test-method signature="verifyQuotePageData()[pri:18, instance:testCases.Tc001_Login_Verify@dd8ba08]" started-at="2023-03-20T11:54:51 IST" name="verifyQuotePageData" finished-at="2023-03-20T11:55:04 IST" duration-ms="13298" status="PASS">
          <reporter-output>
          </reporter-output>
        </test-method> <!-- verifyQuotePageData -->
        <test-method signature="verifyMicroChipPageData()[pri:19, instance:testCases.Tc001_Login_Verify@dd8ba08]" started-at="2023-03-20T11:55:04 IST" name="verifyMicroChipPageData" finished-at="2023-03-20T11:55:07 IST" duration-ms="3251" status="PASS">
          <reporter-output>
          </reporter-output>
        </test-method> <!-- verifyMicroChipPageData -->
        <test-method signature="verifyQuotePagePremiumPoundSign()[pri:20, instance:testCases.Tc001_Login_Verify@dd8ba08]" started-at="2023-03-20T11:55:07 IST" name="verifyQuotePagePremiumPoundSign" finished-at="2023-03-20T11:55:17 IST" duration-ms="9878" status="PASS">
          <reporter-output>
          </reporter-output>
        </test-method> <!-- verifyQuotePagePremiumPoundSign -->
        <test-method signature="verifyLetterTemplatePage()[pri:21, instance:testCases.Tc001_Login_Verify@dd8ba08]" started-at="2023-03-20T11:55:17 IST" name="verifyLetterTemplatePage" finished-at="2023-03-20T11:55:23 IST" duration-ms="5523" status="FAIL">
          <exception class="java.lang.AssertionError">
            <message>
              <![CDATA[expected [15] but found [5]]]>
            </message>
            <full-stacktrace>
              <![CDATA[java.lang.AssertionError: expected [15] but found [5]
at org.testng.Assert.fail(Assert.java:110)
at org.testng.Assert.failNotEquals(Assert.java:1413)
at org.testng.Assert.assertEqualsImpl(Assert.java:149)
at org.testng.Assert.assertEquals(Assert.java:131)
at org.testng.Assert.assertEquals(Assert.java:1240)
at org.testng.Assert.assertEquals(Assert.java:1274)
at pageObjects.LetterTemplatePageData.fetchData(LetterTemplatePageData.java:53)
at testCases.Tc001_Login_Verify.verifyLetterTemplatePage(Tc001_Login_Verify.java:302)
at java.base/jdk.internal.reflect.NativeMethodAccessorImpl.invoke0(Native Method)
at java.base/jdk.internal.reflect.NativeMethodAccessorImpl.invoke(NativeMethodAccessorImpl.java:77)
at java.base/jdk.internal.reflect.DelegatingMethodAccessorImpl.invoke(DelegatingMethodAccessorImpl.java:43)
at java.base/java.lang.reflect.Method.invoke(Method.java:568)
at org.testng.internal.invokers.MethodInvocationHelper.invokeMethod(MethodInvocationHelper.java:139)
at org.testng.internal.invokers.TestInvoker.invokeMethod(TestInvoker.java:677)
at org.testng.internal.invokers.TestInvoker.invokeTestMethod(TestInvoker.java:221)
at org.testng.internal.invokers.MethodRunner.runInSequence(MethodRunner.java:50)
at org.testng.internal.invokers.TestInvoker$MethodInvocationAgent.invoke(TestInvoker.java:969)
at org.testng.internal.invokers.TestInvoker.invokeTestMethods(TestInvoker.java:194)
at org.testng.internal.invokers.TestMethodWorker.invokeTestMethods(TestMethodWorker.java:148)
at org.testng.internal.invokers.TestMethodWorker.run(TestMethodWorker.java:128)
at java.base/java.util.ArrayList.forEach(ArrayList.java:1511)
at org.testng.TestRunner.privateRun(TestRunner.java:829)
at org.testng.TestRunner.run(TestRunner.java:602)
at org.testng.SuiteRunner.runTest(SuiteRunner.java:437)
at org.testng.SuiteRunner.runSequentially(SuiteRunner.java:431)
at org.testng.SuiteRunner.privateRun(SuiteRunner.java:391)
at org.testng.SuiteRunner.run(SuiteRunner.java:330)
at org.testng.SuiteRunnerWorker.runSuite(SuiteRunnerWorker.java:52)
at org.testng.SuiteRunnerWorker.run(SuiteRunnerWorker.java:95)
at org.testng.TestNG.runSuitesSequentially(TestNG.java:1256)
at org.testng.TestNG.runSuitesLocally(TestNG.java:1176)
at org.testng.TestNG.runSuites(TestNG.java:1099)
at org.testng.TestNG.run(TestNG.java:1067)
at org.apache.maven.surefire.testng.TestNGExecutor.run(TestNGExecutor.java:308)
at org.apache.maven.surefire.testng.TestNGXmlTestSuite.execute(TestNGXmlTestSuite.java:71)
at org.apache.maven.surefire.testng.TestNGProvider.invoke(TestNGProvider.java:113)
at org.apache.maven.surefire.booter.ForkedBooter.runSuitesInProcess(ForkedBooter.java:385)
at org.apache.maven.surefire.booter.ForkedBooter.execute(ForkedBooter.java:162)
at org.apache.maven.surefire.booter.ForkedBooter.run(ForkedBooter.java:507)
at org.apache.maven.surefire.booter.ForkedBooter.main(ForkedBooter.java:495)
]]>
            </full-stacktrace>
          </exception> <!-- java.lang.AssertionError -->
          <reporter-output>
          </reporter-output>
        </test-method> <!-- verifyLetterTemplatePage -->
        <test-method signature="verifyLetterTemplatePageEditFun()[pri:22, instance:testCases.Tc001_Login_Verify@dd8ba08]" started-at="2023-03-20T11:55:23 IST" name="verifyLetterTemplatePageEditFun" finished-at="2023-03-20T11:55:32 IST" duration-ms="9046" status="PASS">
          <reporter-output>
          </reporter-output>
        </test-method> <!-- verifyLetterTemplatePageEditFun -->
        <test-method signature="verifyAccountPageIcon()[pri:23, instance:testCases.Tc001_Login_Verify@dd8ba08]" started-at="2023-03-20T11:55:32 IST" name="verifyAccountPageIcon" finished-at="2023-03-20T11:55:34 IST" duration-ms="1942" status="FAIL">
          <exception class="org.openqa.selenium.StaleElementReferenceException">
            <message>
              <![CDATA[stale element reference: element is not attached to the page document
  (Session info: MicrosoftEdge=111.0.1661.44)
For documentation on this error, please visit: https://selenium.dev/exceptions/#stale_element_reference
Build info: version: '4.8.0', revision: '267030adea'
System info: os.name: 'Windows 11', os.arch: 'amd64', os.version: '10.0', java.version: '17.0.6'
Driver info: org.openqa.selenium.edge.EdgeDriver
Command: [75e0fb183f80fcd8f8c711574450cc48, clickElement {id=289cfbe9-6413-4ab8-8145-cadb7371a8c5}]
Capabilities {acceptInsecureCerts: false, browserName: msedge, browserVersion: 111.0.1661.44, ms:edgeOptions: {debuggerAddress: localhost:58585}, msedge: {msedgedriverVersion: 111.0.1661.44 (fc2a57ec5a41..., userDataDir: C:\Users\prowe\AppData\Loca...}, networkConnectionEnabled: false, pageLoadStrategy: normal, platformName: WINDOWS, proxy: Proxy(), se:cdp: ws://localhost:58585/devtoo..., se:cdpVersion: 111.0.1661.44, setWindowRect: true, strictFileInteractability: false, timeouts: {implicit: 0, pageLoad: 300000, script: 30000}, unhandledPromptBehavior: dismiss and notify, webauthn:extension:credBlob: true, webauthn:extension:largeBlob: true, webauthn:extension:minPinLength: true, webauthn:extension:prf: true, webauthn:virtualAuthenticators: true}
Element: [[EdgeDriver: msedge on WINDOWS (75e0fb183f80fcd8f8c711574450cc48)] -> xpath: //div[@class='ibox-content']/div/div/a]
Session ID: 75e0fb183f80fcd8f8c711574450cc48]]>
            </message>
            <full-stacktrace>
              <![CDATA[org.openqa.selenium.StaleElementReferenceException: stale element reference: element is not attached to the page document
  (Session info: MicrosoftEdge=111.0.1661.44)
For documentation on this error, please visit: https://selenium.dev/exceptions/#stale_element_reference
Build info: version: '4.8.0', revision: '267030adea'
System info: os.name: 'Windows 11', os.arch: 'amd64', os.version: '10.0', java.version: '17.0.6'
Driver info: org.openqa.selenium.edge.EdgeDriver
Command: [75e0fb183f80fcd8f8c711574450cc48, clickElement {id=289cfbe9-6413-4ab8-8145-cadb7371a8c5}]
Capabilities {acceptInsecureCerts: false, browserName: msedge, browserVersion: 111.0.1661.44, ms:edgeOptions: {debuggerAddress: localhost:58585}, msedge: {msedgedriverVersion: 111.0.1661.44 (fc2a57ec5a41..., userDataDir: C:\Users\prowe\AppData\Loca...}, networkConnectionEnabled: false, pageLoadStrategy: normal, platformName: WINDOWS, proxy: Proxy(), se:cdp: ws://localhost:58585/devtoo..., se:cdpVersion: 111.0.1661.44, setWindowRect: true, strictFileInteractability: false, timeouts: {implicit: 0, pageLoad: 300000, script: 30000}, unhandledPromptBehavior: dismiss and notify, webauthn:extension:credBlob: true, webauthn:extension:largeBlob: true, webauthn:extension:minPinLength: true, webauthn:extension:prf: true, webauthn:virtualAuthenticators: true}
Element: [[EdgeDriver: msedge on WINDOWS (75e0fb183f80fcd8f8c711574450cc48)] -> xpath: //div[@class='ibox-content']/div/div/a]
Session ID: 75e0fb183f80fcd8f8c711574450cc48
at java.base/jdk.internal.reflect.NativeConstructorAccessorImpl.newInstance0(Native Method)
at java.base/jdk.internal.reflect.NativeConstructorAccessorImpl.newInstance(NativeConstructorAccessorImpl.java:77)
at java.base/jdk.internal.reflect.DelegatingConstructorAccessorImpl.newInstance(DelegatingConstructorAccessorImpl.java:45)
at java.base/java.lang.reflect.Constructor.newInstanceWithCaller(Constructor.java:499)
at java.base/java.lang.reflect.Constructor.newInstance(Constructor.java:480)
at org.openqa.selenium.remote.codec.w3c.W3CHttpResponseCodec.createException(W3CHttpResponseCodec.java:200)
at org.openqa.selenium.remote.codec.w3c.W3CHttpResponseCodec.decode(W3CHttpResponseCodec.java:133)
at org.openqa.selenium.remote.codec.w3c.W3CHttpResponseCodec.decode(W3CHttpResponseCodec.java:53)
at org.openqa.selenium.remote.HttpCommandExecutor.execute(HttpCommandExecutor.java:184)
at org.openqa.selenium.remote.service.DriverCommandExecutor.invokeExecute(DriverCommandExecutor.java:167)
at org.openqa.selenium.remote.service.DriverCommandExecutor.execute(DriverCommandExecutor.java:142)
at org.openqa.selenium.remote.RemoteWebDriver.execute(RemoteWebDriver.java:543)
at org.openqa.selenium.remote.RemoteWebElement.execute(RemoteWebElement.java:257)
at org.openqa.selenium.remote.RemoteWebElement.click(RemoteWebElement.java:78)
at pageObjects.TaskIconPage.traversingThroughPages(TaskIconPage.java:39)
at testCases.Tc001_Login_Verify.verifyAccountPageIcon(Tc001_Login_Verify.java:319)
at java.base/jdk.internal.reflect.NativeMethodAccessorImpl.invoke0(Native Method)
at java.base/jdk.internal.reflect.NativeMethodAccessorImpl.invoke(NativeMethodAccessorImpl.java:77)
at java.base/jdk.internal.reflect.DelegatingMethodAccessorImpl.invoke(DelegatingMethodAccessorImpl.java:43)
at java.base/java.lang.reflect.Method.invoke(Method.java:568)
at org.testng.internal.invokers.MethodInvocationHelper.invokeMethod(MethodInvocationHelper.java:139)
at org.testng.internal.invokers.TestInvoker.invokeMethod(TestInvoker.java:677)
at org.testng.internal.invokers.TestInvoker.invokeTestMethod(TestInvoker.java:221)
at org.testng.internal.invokers.MethodRunner.runInSequence(MethodRunner.java:50)
at org.testng.internal.invokers.TestInvoker$MethodInvocationAgent.invoke(TestInvoker.java:969)
at org.testng.internal.invokers.TestInvoker.invokeTestMethods(TestInvoker.java:194)
at org.testng.internal.invokers.TestMethodWorker.invokeTestMethods(TestMethodWorker.java:148)
at org.testng.internal.invokers.TestMethodWorker.run(TestMethodWorker.java:128)
at java.base/java.util.ArrayList.forEach(ArrayList.java:1511)
at org.testng.TestRunner.privateRun(TestRunner.java:829)
at org.testng.TestRunner.run(TestRunner.java:602)
at org.testng.SuiteRunner.runTest(SuiteRunner.java:437)
at org.testng.SuiteRunner.runSequentially(SuiteRunner.java:431)
at org.testng.SuiteRunner.privateRun(SuiteRunner.java:391)
at org.testng.SuiteRunner.run(SuiteRunner.java:330)
at org.testng.SuiteRunnerWorker.runSuite(SuiteRunnerWorker.java:52)
at org.testng.SuiteRunnerWorker.run(SuiteRunnerWorker.java:95)
at org.testng.TestNG.runSuitesSequentially(TestNG.java:1256)
at org.testng.TestNG.runSuitesLocally(TestNG.java:1176)
at org.testng.TestNG.runSuites(TestNG.java:1099)
at org.testng.TestNG.run(TestNG.java:1067)
at org.apache.maven.surefire.testng.TestNGExecutor.run(TestNGExecutor.java:308)
at org.apache.maven.surefire.testng.TestNGXmlTestSuite.execute(TestNGXmlTestSuite.java:71)
at org.apache.maven.surefire.testng.TestNGProvider.invoke(TestNGProvider.java:113)
at org.apache.maven.surefire.booter.ForkedBooter.runSuitesInProcess(ForkedBooter.java:385)
at org.apache.maven.surefire.booter.ForkedBooter.execute(ForkedBooter.java:162)
at org.apache.maven.surefire.booter.ForkedBooter.run(ForkedBooter.java:507)
at org.apache.maven.surefire.booter.ForkedBooter.main(ForkedBooter.java:495)
]]>
            </full-stacktrace>
          </exception> <!-- org.openqa.selenium.StaleElementReferenceException -->
          <reporter-output>
          </reporter-output>
        </test-method> <!-- verifyAccountPageIcon -->
        <test-method signature="verifyAddClaimPageDropDown()[pri:24, instance:testCases.Tc001_Login_Verify@dd8ba08]" started-at="2023-03-20T11:55:34 IST" name="verifyAddClaimPageDropDown" finished-at="2023-03-20T11:55:34 IST" duration-ms="148" status="FAIL">
          <exception class="org.openqa.selenium.ElementNotInteractableException">
            <message>
              <![CDATA[element not interactable
  (Session info: MicrosoftEdge=111.0.1661.44)
Build info: version: '4.8.0', revision: '267030adea'
System info: os.name: 'Windows 11', os.arch: 'amd64', os.version: '10.0', java.version: '17.0.6'
Driver info: org.openqa.selenium.edge.EdgeDriver
Command: [75e0fb183f80fcd8f8c711574450cc48, clickElement {id=da5e32f3-e654-46bc-949d-29dbae705f9b}]
Capabilities {acceptInsecureCerts: false, browserName: msedge, browserVersion: 111.0.1661.44, ms:edgeOptions: {debuggerAddress: localhost:58585}, msedge: {msedgedriverVersion: 111.0.1661.44 (fc2a57ec5a41..., userDataDir: C:\Users\prowe\AppData\Loca...}, networkConnectionEnabled: false, pageLoadStrategy: normal, platformName: WINDOWS, proxy: Proxy(), se:cdp: ws://localhost:58585/devtoo..., se:cdpVersion: 111.0.1661.44, setWindowRect: true, strictFileInteractability: false, timeouts: {implicit: 0, pageLoad: 300000, script: 30000}, unhandledPromptBehavior: dismiss and notify, webauthn:extension:credBlob: true, webauthn:extension:largeBlob: true, webauthn:extension:minPinLength: true, webauthn:extension:prf: true, webauthn:virtualAuthenticators: true}
Element: [[EdgeDriver: msedge on WINDOWS (75e0fb183f80fcd8f8c711574450cc48)] -> xpath: //ul[@id='side-menu']/li[6]/ul/li[1]]
Session ID: 75e0fb183f80fcd8f8c711574450cc48]]>
            </message>
            <full-stacktrace>
              <![CDATA[org.openqa.selenium.ElementNotInteractableException: element not interactable
  (Session info: MicrosoftEdge=111.0.1661.44)
Build info: version: '4.8.0', revision: '267030adea'
System info: os.name: 'Windows 11', os.arch: 'amd64', os.version: '10.0', java.version: '17.0.6'
Driver info: org.openqa.selenium.edge.EdgeDriver
Command: [75e0fb183f80fcd8f8c711574450cc48, clickElement {id=da5e32f3-e654-46bc-949d-29dbae705f9b}]
Capabilities {acceptInsecureCerts: false, browserName: msedge, browserVersion: 111.0.1661.44, ms:edgeOptions: {debuggerAddress: localhost:58585}, msedge: {msedgedriverVersion: 111.0.1661.44 (fc2a57ec5a41..., userDataDir: C:\Users\prowe\AppData\Loca...}, networkConnectionEnabled: false, pageLoadStrategy: normal, platformName: WINDOWS, proxy: Proxy(), se:cdp: ws://localhost:58585/devtoo..., se:cdpVersion: 111.0.1661.44, setWindowRect: true, strictFileInteractability: false, timeouts: {implicit: 0, pageLoad: 300000, script: 30000}, unhandledPromptBehavior: dismiss and notify, webauthn:extension:credBlob: true, webauthn:extension:largeBlob: true, webauthn:extension:minPinLength: true, webauthn:extension:prf: true, webauthn:virtualAuthenticators: true}
Element: [[EdgeDriver: msedge on WINDOWS (75e0fb183f80fcd8f8c711574450cc48)] -> xpath: //ul[@id='side-menu']/li[6]/ul/li[1]]
Session ID: 75e0fb183f80fcd8f8c711574450cc48
at java.base/jdk.internal.reflect.NativeConstructorAccessorImpl.newInstance0(Native Method)
at java.base/jdk.internal.reflect.NativeConstructorAccessorImpl.newInstance(NativeConstructorAccessorImpl.java:77)
at java.base/jdk.internal.reflect.DelegatingConstructorAccessorImpl.newInstance(DelegatingConstructorAccessorImpl.java:45)
at java.base/java.lang.reflect.Constructor.newInstanceWithCaller(Constructor.java:499)
at java.base/java.lang.reflect.Constructor.newInstance(Constructor.java:480)
at org.openqa.selenium.remote.codec.w3c.W3CHttpResponseCodec.createException(W3CHttpResponseCodec.java:200)
at org.openqa.selenium.remote.codec.w3c.W3CHttpResponseCodec.decode(W3CHttpResponseCodec.java:133)
at org.openqa.selenium.remote.codec.w3c.W3CHttpResponseCodec.decode(W3CHttpResponseCodec.java:53)
at org.openqa.selenium.remote.HttpCommandExecutor.execute(HttpCommandExecutor.java:184)
at org.openqa.selenium.remote.service.DriverCommandExecutor.invokeExecute(DriverCommandExecutor.java:167)
at org.openqa.selenium.remote.service.DriverCommandExecutor.execute(DriverCommandExecutor.java:142)
at org.openqa.selenium.remote.RemoteWebDriver.execute(RemoteWebDriver.java:543)
at org.openqa.selenium.remote.RemoteWebElement.execute(RemoteWebElement.java:257)
at org.openqa.selenium.remote.RemoteWebElement.click(RemoteWebElement.java:78)
at jdk.internal.reflect.GeneratedMethodAccessor2.invoke(Unknown Source)
at java.base/jdk.internal.reflect.DelegatingMethodAccessorImpl.invoke(DelegatingMethodAccessorImpl.java:43)
at java.base/java.lang.reflect.Method.invoke(Method.java:568)
at org.openqa.selenium.support.pagefactory.internal.LocatingElementHandler.invoke(LocatingElementHandler.java:52)
at jdk.proxy2/jdk.proxy2.$Proxy13.click(Unknown Source)
at pageObjects.AddClaimPage.clickManageClaimIcon(AddClaimPage.java:35)
at testCases.Tc001_Login_Verify.verifyAddClaimPageDropDown(Tc001_Login_Verify.java:325)
at java.base/jdk.internal.reflect.NativeMethodAccessorImpl.invoke0(Native Method)
at java.base/jdk.internal.reflect.NativeMethodAccessorImpl.invoke(NativeMethodAccessorImpl.java:77)
at java.base/jdk.internal.reflect.DelegatingMethodAccessorImpl.invoke(DelegatingMethodAccessorImpl.java:43)
at java.base/java.lang.reflect.Method.invoke(Method.java:568)
at org.testng.internal.invokers.MethodInvocationHelper.invokeMethod(MethodInvocationHelper.java:139)
at org.testng.internal.invokers.TestInvoker.invokeMethod(TestInvoker.java:677)
at org.testng.internal.invokers.TestInvoker.invokeTestMethod(TestInvoker.java:221)
at org.testng.internal.invokers.MethodRunner.runInSequence(MethodRunner.java:50)
at org.testng.internal.invokers.TestInvoker$MethodInvocationAgent.invoke(TestInvoker.java:969)
at org.testng.internal.invokers.TestInvoker.invokeTestMethods(TestInvoker.java:194)
at org.testng.internal.invokers.TestMethodWorker.invokeTestMethods(TestMethodWorker.java:148)
at org.testng.internal.invokers.TestMethodWorker.run(TestMethodWorker.java:128)
at java.base/java.util.ArrayList.forEach(ArrayList.java:1511)
at org.testng.TestRunner.privateRun(TestRunner.java:829)
at org.testng.TestRunner.run(TestRunner.java:602)
at org.testng.SuiteRunner.runTest(SuiteRunner.java:437)
at org.testng.SuiteRunner.runSequentially(SuiteRunner.java:431)
at org.testng.SuiteRunner.privateRun(SuiteRunner.java:391)
at org.testng.SuiteRunner.run(SuiteRunner.java:330)
at org.testng.SuiteRunnerWorker.runSuite(SuiteRunnerWorker.java:52)
at org.testng.SuiteRunnerWorker.run(SuiteRunnerWorker.java:95)
at org.testng.TestNG.runSuitesSequentially(TestNG.java:1256)
at org.testng.TestNG.runSuitesLocally(TestNG.java:1176)
at org.testng.TestNG.runSuites(TestNG.java:1099)
at org.testng.TestNG.run(TestNG.java:1067)
at org.apache.maven.surefire.testng.TestNGExecutor.run(TestNGExecutor.java:308)
at org.apache.maven.surefire.testng.TestNGXmlTestSuite.execute(TestNGXmlTestSuite.java:71)
at org.apache.maven.surefire.testng.TestNGProvider.invoke(TestNGProvider.java:113)
at org.apache.maven.surefire.booter.ForkedBooter.runSuitesInProcess(ForkedBooter.java:385)
at org.apache.maven.surefire.booter.ForkedBooter.execute(ForkedBooter.java:162)
at org.apache.maven.surefire.booter.ForkedBooter.run(ForkedBooter.java:507)
at org.apache.maven.surefire.booter.ForkedBooter.main(ForkedBooter.java:495)
]]>
            </full-stacktrace>
          </exception> <!-- org.openqa.selenium.ElementNotInteractableException -->
          <reporter-output>
          </reporter-output>
        </test-method> <!-- verifyAddClaimPageDropDown -->
        <test-method signature="verifyLogOut()[pri:26, instance:testCases.Tc001_Login_Verify@dd8ba08]" started-at="2023-03-20T11:55:34 IST" name="verifyLogOut" finished-at="2023-03-20T11:55:38 IST" duration-ms="4231" status="PASS">
          <reporter-output>
          </reporter-output>
        </test-method> <!-- verifyLogOut -->
        <test-method is-config="true" signature="tearDown()[pri:0, instance:testCases.Tc001_Login_Verify@dd8ba08]" started-at="2023-03-20T11:55:38 IST" name="tearDown" finished-at="2023-03-20T11:55:38 IST" duration-ms="247" status="PASS">
          <reporter-output>
          </reporter-output>
        </test-method> <!-- tearDown -->
      </class> <!-- testCases.Tc001_Login_Verify -->
    </test> <!-- Sanity -->
  </suite> <!-- BritishPetCare -->
</testng-results>
