<?xml version="1.0" encoding="UTF-8"?>
<!-- Generated by org.testng.reporters.JUnitXMLReporter -->
<testsuite ignored="0" hostname="PROWERSE-014" failures="0" tests="26" name="Sanity" time="0.234" errors="0" timestamp="2023-03-22T13:59:14 IST">
  <testcase classname="testBase.TestBase" name="@BeforeClass setUp" time="-1.679473753816E9">
    <failure type="org.testng.TestNGException" message="
Parameter &amp;apos;browser&amp;apos; is required by BeforeClass on method setUp but has not been marked @Optional or defined
in C:\Users\prowe\IdeaProjects\BritishPetInsurance\BritishPetCare.xml">
      <![CDATA[org.testng.TestNGException: 
Parameter 'browser' is required by BeforeClass on method setUp but has not been marked @Optional or defined
in C:\Users\prowe\IdeaProjects\BritishPetInsurance\BritishPetCare.xml
at java.base/java.util.ArrayList.forEach(ArrayList.java:1511)
... Removed 26 stack frames]]>
    </failure>
  </testcase> <!-- @BeforeClass setUp -->
  <testcase classname="testBase.TestBase" name="@AfterClass tearDown" time="0.0">
    <skipped/>
  </testcase> <!-- @AfterClass tearDown -->
  <testcase classname="testCases.Tc001_Login_Verify" name="verifyLogin" time="0.0">
    <skipped/>
  </testcase> <!-- verifyLogin -->
  <testcase classname="testCases.Tc001_Login_Verify" name="verifyRole" time="0.0">
    <skipped/>
  </testcase> <!-- verifyRole -->
  <testcase classname="testCases.Tc001_Login_Verify" name="verifyItemsOnDashboard" time="0.0">
    <skipped/>
  </testcase> <!-- verifyItemsOnDashboard -->
  <testcase classname="testCases.Tc001_Login_Verify" name="verifyGraphMessages" time="0.0">
    <skipped/>
  </testcase> <!-- verifyGraphMessages -->
  <testcase classname="testCases.Tc001_Login_Verify" name="verifyClientManagePage" time="0.0">
    <skipped/>
  </testcase> <!-- verifyClientManagePage -->
  <testcase classname="testCases.Tc001_Login_Verify" name="verifyQuoteManagePage" time="0.0">
    <skipped/>
  </testcase> <!-- verifyQuoteManagePage -->
  <testcase classname="testCases.Tc001_Login_Verify" name="verifyDateFormatOnQuotePage" time="0.0">
    <skipped/>
  </testcase> <!-- verifyDateFormatOnQuotePage -->
  <testcase classname="testCases.Tc001_Login_Verify" name="verifyAddQuotePageLaunch" time="0.0">
    <skipped/>
  </testcase> <!-- verifyAddQuotePageLaunch -->
  <testcase classname="testCases.Tc001_Login_Verify" name="verifyProductListOnAddQuotePage" time="0.0">
    <skipped/>
  </testcase> <!-- verifyProductListOnAddQuotePage -->
  <testcase classname="testCases.Tc001_Login_Verify" name="verifyPolicyPage" time="0.001">
    <skipped/>
  </testcase> <!-- verifyPolicyPage -->
  <testcase classname="testCases.Tc001_Login_Verify" name="verifyPolicyPageDateFormat" time="0.0">
    <skipped/>
  </testcase> <!-- verifyPolicyPageDateFormat -->
  <testcase classname="testCases.Tc001_Login_Verify" name="verifyPolicyInformationPageLaunch" time="0.0">
    <skipped/>
  </testcase> <!-- verifyPolicyInformationPageLaunch -->
  <testcase classname="testCases.Tc001_Login_Verify" name="verifyPolicySamplePageDownLoad" time="0.0">
    <skipped/>
  </testcase> <!-- verifyPolicySamplePageDownLoad -->
  <testcase classname="testCases.Tc001_Login_Verify" name="verifyManageClaimDateAndPondSymbol" time="0.0">
    <skipped/>
  </testcase> <!-- verifyManageClaimDateAndPondSymbol -->
  <testcase classname="testCases.Tc001_Login_Verify" name="verifyClaimPageInformation" time="0.0">
    <skipped/>
  </testcase> <!-- verifyClaimPageInformation -->
  <testcase classname="testCases.Tc001_Login_Verify" name="verifyApprovalClaimDashBoardDetails" time="0.0">
    <skipped/>
  </testcase> <!-- verifyApprovalClaimDashBoardDetails -->
  <testcase classname="testCases.Tc001_Login_Verify" name="verifyManageTaskDashBoard" time="0.0">
    <skipped/>
  </testcase> <!-- verifyManageTaskDashBoard -->
  <testcase classname="testCases.Tc001_Login_Verify" name="verifyAddTaskPageDetails" time="0.0">
    <skipped/>
  </testcase> <!-- verifyAddTaskPageDetails -->
  <testcase classname="testCases.Tc001_Login_Verify" name="verifyQuotePageData" time="0.0">
    <skipped/>
  </testcase> <!-- verifyQuotePageData -->
  <testcase classname="testCases.Tc001_Login_Verify" name="verifyMicroChipPageData" time="0.0">
    <skipped/>
  </testcase> <!-- verifyMicroChipPageData -->
  <testcase classname="testCases.Tc001_Login_Verify" name="verifyQuotePagePremiumPoundSign" time="0.0">
    <skipped/>
  </testcase> <!-- verifyQuotePagePremiumPoundSign -->
  <testcase classname="testCases.Tc001_Login_Verify" name="verifyLetterTemplatePage" time="0.0">
    <skipped/>
  </testcase> <!-- verifyLetterTemplatePage -->
  <testcase classname="testCases.Tc001_Login_Verify" name="verifyLetterTemplatePageEditFun" time="0.0">
    <skipped/>
  </testcase> <!-- verifyLetterTemplatePageEditFun -->
  <testcase classname="testCases.Tc001_Login_Verify" name="verifyAccountPageIcon" time="0.0">
    <skipped/>
  </testcase> <!-- verifyAccountPageIcon -->
  <testcase classname="testCases.Tc001_Login_Verify" name="verifyAddClaimPageDropDown" time="0.0">
    <skipped/>
  </testcase> <!-- verifyAddClaimPageDropDown -->
  <testcase classname="testCases.Tc001_Login_Verify" name="verifyLogOut" time="0.0">
    <skipped/>
  </testcase> <!-- verifyLogOut -->
</testsuite> <!-- Sanity -->
